<?xml version="1.0" encoding="UTF-8" ?>
<testsuite tests="26" failures="0" name="com.testing.app.TestRunner" time="3.074" errors="0" skipped="0">
  <properties>
    <property name="java.runtime.name" value="Java(TM) SE Runtime Environment"/>
    <property name="cucumber.options" value="--tags @test"/>
    <property name="sun.boot.library.path" value="C:\Program Files\Java\jdk1.8.0_101\jre\bin"/>
    <property name="java.vm.version" value="25.101-b13"/>
    <property name="user.country.format" value="DE"/>
    <property name="java.vm.vendor" value="Oracle Corporation"/>
    <property name="maven.multiModuleProjectDirectory" value="C:\Users\Ronald.Christian\Desktop\FinalRun\test-app"/>
    <property name="java.vendor.url" value="http://java.oracle.com/"/>
    <property name="path.separator" value=";"/>
    <property name="guice.disable.misplaced.annotation.check" value="true"/>
    <property name="java.vm.name" value="Java HotSpot(TM) 64-Bit Server VM"/>
    <property name="file.encoding.pkg" value="sun.io"/>
    <property name="user.script" value=""/>
    <property name="user.country" value="US"/>
    <property name="sun.java.launcher" value="SUN_STANDARD"/>
    <property name="sun.os.patch.level" value="Service Pack 1"/>
    <property name="java.vm.specification.name" value="Java Virtual Machine Specification"/>
    <property name="user.dir" value="C:\Users\Ronald.Christian\Desktop\FinalRun\test-app"/>
    <property name="java.runtime.version" value="1.8.0_101-b13"/>
    <property name="java.awt.graphicsenv" value="sun.awt.Win32GraphicsEnvironment"/>
    <property name="java.endorsed.dirs" value="C:\Program Files\Java\jdk1.8.0_101\jre\lib\endorsed"/>
    <property name="os.arch" value="amd64"/>
    <property name="java.io.tmpdir" value="C:\Users\RONALD~1.CHR\AppData\Local\Temp\"/>
    <property name="line.separator" value="
"/>
    <property name="java.vm.specification.vendor" value="Oracle Corporation"/>
    <property name="user.variant" value=""/>
    <property name="os.name" value="Windows 7"/>
    <property name="classworlds.conf" value="C:\Program Files\apache-maven-3.3.9\bin\m2.conf"/>
    <property name="sun.jnu.encoding" value="Cp1252"/>
    <property name="java.library.path" value="C:\Program Files\Java\jdk1.8.0_101\bin;C:\windows\Sun\Java\bin;C:\windows\system32;C:\windows;C:\ProgramData\Oracle\Java\javapath;C:\Program Files (x86)\Intel\iCLS Client\;C:\Program Files\Intel\iCLS Client\;C:\windows\system32;C:\windows;C:\windows\System32\Wbem;C:\windows\System32\WindowsPowerShell\v1.0\;C:\Program Files (x86)\Intel\Intel(R) Management Engine Components\DAL;C:\Program Files\Intel\Intel(R) Management Engine Components\DAL;C:\Program Files (x86)\Intel\Intel(R) Management Engine Components\IPT;C:\Program Files\Intel\Intel(R) Management Engine Components\IPT;C:\Program Files\Intel\WiFi\bin\;C:\Program Files\Common Files\Intel\WirelessCommon\;C:\Program Files\Lenovo\Fingerprint Manager Pro\;C:\Program Files (x86)\Common Files\Lenovo;C:\ProgramData\Lenovo\ReadyApps;C:\Users\Ronald.Christian\Desktop\Test;C:\Program Files (x86)\PdaNet for Android;C:\adt-bundle-windows-x86-20130219\sdk\tools;C:\adt-bundle-windows-x86-20130219\sdk\platform-tools;C:\Program Files\Microsoft SQL Server\130\Tools\Binn\;C:\Program Files\Microsoft SQL Server\110\Tools\Binn\;C:\Ruby22-x64\bin;C:\windows\system32\config\systemprofile\.dnx\bin;C:\Program Files\Microsoft DNX\Dnvm\;C:\Program Files\apache-maven-3.3.9\bin;C:\Program Files\Java\jdk1.8.0_101\bin;C:\Program Files\Git\cmd;C:\Program Files\Git\mingw64\bin;C:\Program Files\Git\usr\bin;."/>
    <property name="java.specification.name" value="Java Platform API Specification"/>
    <property name="java.class.version" value="52.0"/>
    <property name="sun.management.compiler" value="HotSpot 64-Bit Tiered Compilers"/>
    <property name="os.version" value="6.1"/>
    <property name="user.home" value="C:\Users\Ronald.Christian"/>
    <property name="user.timezone" value="Europe/Berlin"/>
    <property name="java.awt.printerjob" value="sun.awt.windows.WPrinterJob"/>
    <property name="java.specification.version" value="1.8"/>
    <property name="file.encoding" value="Cp1252"/>
    <property name="user.name" value="Ronald.Christian"/>
    <property name="java.class.path" value="C:\Program Files\apache-maven-3.3.9\boot\plexus-classworlds-2.5.2.jar"/>
    <property name="java.vm.specification.version" value="1.8"/>
    <property name="sun.arch.data.model" value="64"/>
    <property name="java.home" value="C:\Program Files\Java\jdk1.8.0_101\jre"/>
    <property name="sun.java.command" value="org.codehaus.plexus.classworlds.launcher.Launcher test -Dcucumber.options=--tags @test"/>
    <property name="java.specification.vendor" value="Oracle Corporation"/>
    <property name="user.language" value="en"/>
    <property name="user.language.format" value="de"/>
    <property name="awt.toolkit" value="sun.awt.windows.WToolkit"/>
    <property name="java.vm.info" value="mixed mode"/>
    <property name="java.version" value="1.8.0_101"/>
    <property name="java.ext.dirs" value="C:\Program Files\Java\jdk1.8.0_101\jre\lib\ext;C:\windows\Sun\Java\lib\ext"/>
    <property name="sun.boot.class.path" value="C:\Program Files\Java\jdk1.8.0_101\jre\lib\resources.jar;C:\Program Files\Java\jdk1.8.0_101\jre\lib\rt.jar;C:\Program Files\Java\jdk1.8.0_101\jre\lib\sunrsasign.jar;C:\Program Files\Java\jdk1.8.0_101\jre\lib\jsse.jar;C:\Program Files\Java\jdk1.8.0_101\jre\lib\jce.jar;C:\Program Files\Java\jdk1.8.0_101\jre\lib\charsets.jar;C:\Program Files\Java\jdk1.8.0_101\jre\lib\jfr.jar;C:\Program Files\Java\jdk1.8.0_101\jre\classes"/>
    <property name="sun.stderr.encoding" value="cp850"/>
    <property name="java.vendor" value="Oracle Corporation"/>
    <property name="maven.home" value="C:\Program Files\apache-maven-3.3.9"/>
    <property name="file.separator" value="\"/>
    <property name="java.vendor.url.bug" value="http://bugreport.sun.com/bugreport/"/>
    <property name="sun.cpu.endian" value="little"/>
    <property name="sun.io.unicode.encoding" value="UnicodeLittle"/>
    <property name="sun.stdout.encoding" value="cp850"/>
    <property name="sun.desktop" value="windows"/>
    <property name="sun.cpu.isalist" value="amd64"/>
  </properties>
  <testcase classname="Scenario: Customer should be able to see register page through funnel even without choosing styles, brand and customer just want to test service" name="Given Go to Homepage" time="0.003"/>
  <testcase classname="Scenario: Customer should be able to see register page through funnel even without choosing styles, brand and customer just want to test service" name="Then Verify Homepage" time="0"/>
  <testcase classname="Scenario: Customer should be able to see register page through funnel even without choosing styles, brand and customer just want to test service" name="When Click on Lets Go button" time="0"/>
  <testcase classname="Scenario: Customer should be able to see register page through funnel even without choosing styles, brand and customer just want to test service" name="Then Verify SetupProfile Page Headline &quot;What do you like to wear in your free time?&quot;" time="0"/>
  <testcase classname="Scenario: Customer should be able to see register page through funnel even without choosing styles, brand and customer just want to test service" name="When Click option &quot;dont like any private style&quot;" time="0"/>
  <testcase classname="Scenario: Customer should be able to see register page through funnel even without choosing styles, brand and customer just want to test service" name="And Click on Continue button" time="0"/>
  <testcase classname="Scenario: Customer should be able to see register page through funnel even without choosing styles, brand and customer just want to test service" name="Then Verify SetupProfile Page Headline &quot;What do you wear to work?&quot;" time="0"/>
  <testcase classname="Scenario: Customer should be able to see register page through funnel even without choosing styles, brand and customer just want to test service" name="When Click option &quot;dont like any work style&quot;" time="0"/>
  <testcase classname="Scenario: Customer should be able to see register page through funnel even without choosing styles, brand and customer just want to test service" name="And Click on Continue button" time="0"/>
  <testcase classname="Scenario: Customer should be able to see register page through funnel even without choosing styles, brand and customer just want to test service" name="Then Verify SetupProfile Page Headline &quot;Which shoes would you wear?&quot;" time="0"/>
  <testcase classname="Scenario: Customer should be able to see register page through funnel even without choosing styles, brand and customer just want to test service" name="When Click option &quot;dont like any shoe style&quot;" time="0"/>
  <testcase classname="Scenario: Customer should be able to see register page through funnel even without choosing styles, brand and customer just want to test service" name="And Click on Continue button" time="0"/>
  <testcase classname="Scenario: Customer should be able to see register page through funnel even without choosing styles, brand and customer just want to test service" name="Then Verify SetupProfile Page Headline &quot;What would you NEVER wear?&quot;" time="0.001"/>
  <testcase classname="Scenario: Customer should be able to see register page through funnel even without choosing styles, brand and customer just want to test service" name="When Mark all options none" time="0"/>
  <testcase classname="Scenario: Customer should be able to see register page through funnel even without choosing styles, brand and customer just want to test service" name="And Click on Continue button" time="0"/>
  <testcase classname="Scenario: Customer should be able to see register page through funnel even without choosing styles, brand and customer just want to test service" name="Then Verify SetupProfile Page Headline &quot;Which brands do you like?&quot;" time="0"/>
  <testcase classname="Scenario: Customer should be able to see register page through funnel even without choosing styles, brand and customer just want to test service" name="When Write Brand Name &quot;DanisBRAND&quot;" time="0"/>
  <testcase classname="Scenario: Customer should be able to see register page through funnel even without choosing styles, brand and customer just want to test service" name="And Click on Continue button" time="0"/>
  <testcase classname="Scenario: Customer should be able to see register page through funnel even without choosing styles, brand and customer just want to test service" name="And Verify SetupProfile Page Headline &quot;How old do you feel?&quot;" time="0.001"/>
  <testcase classname="Scenario: Customer should be able to see register page through funnel even without choosing styles, brand and customer just want to test service" name="When Click option &quot;55+&quot;" time="0"/>
  <testcase classname="Scenario: Customer should be able to see register page through funnel even without choosing styles, brand and customer just want to test service" name="And Click on Continue button" time="0"/>
  <testcase classname="Scenario: Customer should be able to see register page through funnel even without choosing styles, brand and customer just want to test service" name="And Verify SetupProfile Page Headline &quot;What&apos;s motivating you to try out our service?&quot;" time="0"/>
  <testcase classname="Scenario: Customer should be able to see register page through funnel even without choosing styles, brand and customer just want to test service" name="When Click option &quot;testing the service&quot;" time="0"/>
  <testcase classname="Scenario: Customer should be able to see register page through funnel even without choosing styles, brand and customer just want to test service" name="And Click on Continue button" time="0"/>
  <testcase classname="Scenario: Customer should be able to see register page through funnel even without choosing styles, brand and customer just want to test service" name="Then Verify Registration Page Headline &quot;Perfect! Now your stylist knows what you like.&quot;" time="0"/>
  <testcase classname="Scenario: Customer should be able to see register page through funnel even without choosing styles, brand and customer just want to test service" name="Scenario: Customer should be able to see register page through funnel even without choosing styles, brand and customer just want to test service" time="3.069"/>
</testsuite>